DEBUG:urllib3.connectionpool:Starting new HTTP connection (1): purl.bdrc.io:80
DEBUG:urllib3.connectionpool:http://purl.bdrc.io:80 "GET /graph/W22083.ttl HTTP/1.1" 200 None
DEBUG:urllib3.connectionpool:Starting new HTTPS connection (1): raw.githubusercontent.com:443
DEBUG:urllib3.connectionpool:https://raw.githubusercontent.com:443 "GET /OpenPecha/P000003/master/P000003.opf/meta.yml HTTP/1.1" 200 295
WARNING:root:I3708 in work id: W22083 doesn't have proper title
WARNING:root:I3709 in work id: W22083 doesn't have proper title
WARNING:root:I3710 in work id: W22083 doesn't have proper title
WARNING:root:I3711 in work id: W22083 doesn't have proper title
WARNING:root:I3712 in work id: W22083 doesn't have proper title
WARNING:root:I3713 in work id: W22083 doesn't have proper title
WARNING:root:I3714 in work id: W22083 doesn't have proper title
WARNING:root:I3715 in work id: W22083 doesn't have proper title
WARNING:root:I3716 in work id: W22083 doesn't have proper title
WARNING:root:I3717 in work id: W22083 doesn't have proper title
WARNING:root:I3718 in work id: W22083 doesn't have proper title
WARNING:root:I3719 in work id: W22083 doesn't have proper title
WARNING:root:I3720 in work id: W22083 doesn't have proper title
WARNING:root:I3721 in work id: W22083 doesn't have proper title
WARNING:root:I3722 in work id: W22083 doesn't have proper title
WARNING:root:I3723 in work id: W22083 doesn't have proper title
WARNING:root:I3724 in work id: W22083 doesn't have proper title
WARNING:root:I3725 in work id: W22083 doesn't have proper title
WARNING:root:I3726 in work id: W22083 doesn't have proper title
WARNING:root:I3727 in work id: W22083 doesn't have proper title
WARNING:root:I3728 in work id: W22083 doesn't have proper title
WARNING:root:I3729 in work id: W22083 doesn't have proper title
WARNING:root:I3730 in work id: W22083 doesn't have proper title
WARNING:root:I3731 in work id: W22083 doesn't have proper title
WARNING:root:I3732 in work id: W22083 doesn't have proper title
WARNING:root:I3733 in work id: W22083 doesn't have proper title
WARNING:root:I3734 in work id: W22083 doesn't have proper title
WARNING:root:I3735 in work id: W22083 doesn't have proper title
WARNING:root:I3736 in work id: W22083 doesn't have proper title
WARNING:root:I3737 in work id: W22083 doesn't have proper title
WARNING:root:I3738 in work id: W22083 doesn't have proper title
WARNING:root:I3739 in work id: W22083 doesn't have proper title
WARNING:root:I3740 in work id: W22083 doesn't have proper title
WARNING:root:I3741 in work id: W22083 doesn't have proper title
WARNING:root:I3742 in work id: W22083 doesn't have proper title
WARNING:root:I3743 in work id: W22083 doesn't have proper title
WARNING:root:I3744 in work id: W22083 doesn't have proper title
WARNING:root:I3745 in work id: W22083 doesn't have proper title
WARNING:root:I3746 in work id: W22083 doesn't have proper title
WARNING:root:I3747 in work id: W22083 doesn't have proper title
WARNING:root:I3748 in work id: W22083 doesn't have proper title
WARNING:root:I3749 in work id: W22083 doesn't have proper title
WARNING:root:I3750 in work id: W22083 doesn't have proper title
WARNING:root:I3751 in work id: W22083 doesn't have proper title
WARNING:root:I3752 in work id: W22083 doesn't have proper title
WARNING:root:I3753 in work id: W22083 doesn't have proper title
WARNING:root:I3754 in work id: W22083 doesn't have proper title
WARNING:root:I3755 in work id: W22083 doesn't have proper title
WARNING:root:I3756 in work id: W22083 doesn't have proper title
WARNING:root:I3757 in work id: W22083 doesn't have proper title
WARNING:root:I3758 in work id: W22083 doesn't have proper title
WARNING:root:I3759 in work id: W22083 doesn't have proper title
WARNING:root:I3760 in work id: W22083 doesn't have proper title
WARNING:root:I3761 in work id: W22083 doesn't have proper title
WARNING:root:I3762 in work id: W22083 doesn't have proper title
WARNING:root:I3763 in work id: W22083 doesn't have proper title
WARNING:root:I3764 in work id: W22083 doesn't have proper title
WARNING:root:I3765 in work id: W22083 doesn't have proper title
WARNING:root:I3766 in work id: W22083 doesn't have proper title
WARNING:root:I3767 in work id: W22083 doesn't have proper title
WARNING:root:I3768 in work id: W22083 doesn't have proper title
WARNING:root:I3769 in work id: W22083 doesn't have proper title
WARNING:root:I3770 in work id: W22083 doesn't have proper title
WARNING:root:I3771 in work id: W22083 doesn't have proper title
WARNING:root:I3772 in work id: W22083 doesn't have proper title
WARNING:root:I3773 in work id: W22083 doesn't have proper title
WARNING:root:I3774 in work id: W22083 doesn't have proper title
WARNING:root:I3775 in work id: W22083 doesn't have proper title
WARNING:root:I3776 in work id: W22083 doesn't have proper title
WARNING:root:I3777 in work id: W22083 doesn't have proper title
WARNING:root:I3778 in work id: W22083 doesn't have proper title
WARNING:root:I3779 in work id: W22083 doesn't have proper title
WARNING:root:I3780 in work id: W22083 doesn't have proper title
WARNING:root:I3781 in work id: W22083 doesn't have proper title
WARNING:root:I3782 in work id: W22083 doesn't have proper title
WARNING:root:I3783 in work id: W22083 doesn't have proper title
WARNING:root:I3784 in work id: W22083 doesn't have proper title
WARNING:root:I3785 in work id: W22083 doesn't have proper title
WARNING:root:I3786 in work id: W22083 doesn't have proper title
WARNING:root:I3787 in work id: W22083 doesn't have proper title
WARNING:root:I3788 in work id: W22083 doesn't have proper title
WARNING:root:I3789 in work id: W22083 doesn't have proper title
WARNING:root:I3790 in work id: W22083 doesn't have proper title
WARNING:root:I3791 in work id: W22083 doesn't have proper title
WARNING:root:I3792 in work id: W22083 doesn't have proper title
WARNING:root:I3793 in work id: W22083 doesn't have proper title
WARNING:root:I3794 in work id: W22083 doesn't have proper title
WARNING:root:I3795 in work id: W22083 doesn't have proper title
WARNING:root:I3796 in work id: W22083 doesn't have proper title
WARNING:root:I3797 in work id: W22083 doesn't have proper title
WARNING:root:I3798 in work id: W22083 doesn't have proper title
WARNING:root:I3799 in work id: W22083 doesn't have proper title
WARNING:root:I3800 in work id: W22083 doesn't have proper title
WARNING:root:I3801 in work id: W22083 doesn't have proper title
WARNING:root:I3802 in work id: W22083 doesn't have proper title
WARNING:root:I3803 in work id: W22083 doesn't have proper title
WARNING:root:I3804 in work id: W22083 doesn't have proper title
WARNING:root:I3805 in work id: W22083 doesn't have proper title
WARNING:root:I3806 in work id: W22083 doesn't have proper title
WARNING:root:I3807 in work id: W22083 doesn't have proper title
WARNING:root:I3808 in work id: W22083 doesn't have proper title
WARNING:root:I3809 in work id: W22083 doesn't have proper title
WARNING:root:I3810 in work id: W22083 doesn't have proper title
WARNING:root:I3811 in work id: W22083 doesn't have proper title
WARNING:root:I3812 in work id: W22083 doesn't have proper title
WARNING:root:I3813 in work id: W22083 doesn't have proper title
WARNING:root:I3814 in work id: W22083 doesn't have proper title
WARNING:root:I3815 in work id: W22083 doesn't have proper title
WARNING:root:I3816 in work id: W22083 doesn't have proper title
INFO:root:P000003.. Completed
